<?xml version="1.0" encoding="UTF-8"?>
<testsuite name="com.calendar.AppTest" tests="3" skipped="0" failures="0" errors="0" timestamp="2025-10-02T03:57:19" hostname="DESKTOP-780BEE1" time="0.6">
  <properties/>
  <testcase name="testGetStatusWhenDatabaseConnected()" classname="com.calendar.AppTest" time="0.531"/>
  <testcase name="testHomeRedirection()" classname="com.calendar.AppTest" time="0.032"/>
  <testcase name="testGetStatusWhenDatabaseDisconnected()" classname="com.calendar.AppTest" time="0.026"/>
  <system-out><![CDATA[2025-10-02T13:57:19.863+10:00 DEBUG 40584 --- [    Test worker] s.w.s.m.m.a.RequestMappingHandlerMapping : 4 mappings in org.springframework.web.servlet.mvc.method.annotation.RequestMappingHandlerMapping
2025-10-02T13:57:19.868+10:00 DEBUG 40584 --- [    Test worker] s.w.s.m.m.a.RequestMappingHandlerAdapter : ControllerAdvice beans: 0 @ModelAttribute, 0 @InitBinder, 1 RequestBodyAdvice, 1 ResponseBodyAdvice
2025-10-02T13:57:19.869+10:00 DEBUG 40584 --- [    Test worker] .m.m.a.ExceptionHandlerExceptionResolver : ControllerAdvice beans: 0 @ExceptionHandler, 1 ResponseBodyAdvice
2025-10-02T13:57:19.874+10:00  INFO 40584 --- [    Test worker] o.s.mock.web.MockServletContext          : Initializing Spring TestDispatcherServlet ''
2025-10-02T13:57:19.874+10:00  INFO 40584 --- [    Test worker] o.s.t.web.servlet.TestDispatcherServlet  : Initializing Servlet ''
2025-10-02T13:57:19.875+10:00 DEBUG 40584 --- [    Test worker] o.s.t.web.servlet.TestDispatcherServlet  : Detected AcceptHeaderLocaleResolver
2025-10-02T13:57:19.875+10:00 DEBUG 40584 --- [    Test worker] o.s.t.web.servlet.TestDispatcherServlet  : Detected FixedThemeResolver
2025-10-02T13:57:19.875+10:00 DEBUG 40584 --- [    Test worker] o.s.t.web.servlet.TestDispatcherServlet  : Detected org.springframework.web.servlet.view.DefaultRequestToViewNameTranslator@4b56b517
2025-10-02T13:57:19.876+10:00 DEBUG 40584 --- [    Test worker] o.s.t.web.servlet.TestDispatcherServlet  : Detected org.springframework.web.servlet.support.SessionFlashMapManager@1124dd79
2025-10-02T13:57:19.876+10:00 DEBUG 40584 --- [    Test worker] o.s.t.web.servlet.TestDispatcherServlet  : enableLoggingRequestDetails='false': request parameters and headers will be masked to prevent unsafe logging of potentially sensitive data
2025-10-02T13:57:19.876+10:00  INFO 40584 --- [    Test worker] o.s.t.web.servlet.TestDispatcherServlet  : Completed initialization in 2 ms
2025-10-02T13:57:19.958+10:00 DEBUG 40584 --- [    Test worker] o.s.t.web.servlet.TestDispatcherServlet  : GET "/api/status", parameters={}
2025-10-02T13:57:19.961+10:00 DEBUG 40584 --- [    Test worker] s.w.s.m.m.a.RequestMappingHandlerMapping : Mapped to com.calendar.App#getStatus()
2025-10-02T13:57:19.974+10:00 DEBUG 40584 --- [    Test worker] m.m.a.RequestResponseBodyMethodProcessor : Using 'application/json', given [*/*] and supported [application/json, application/*+json]
2025-10-02T13:57:19.975+10:00 DEBUG 40584 --- [    Test worker] m.m.a.RequestResponseBodyMethodProcessor : Writing [{database=connected, timestamp=Thu Oct 02 13:57:19 AEST 2025}]
2025-10-02T13:57:19.981+10:00 DEBUG 40584 --- [    Test worker] o.s.t.web.servlet.TestDispatcherServlet  : Completed 200 OK
2025-10-02T13:57:20.134+10:00 DEBUG 40584 --- [    Test worker] s.w.s.m.m.a.RequestMappingHandlerMapping : 4 mappings in org.springframework.web.servlet.mvc.method.annotation.RequestMappingHandlerMapping
2025-10-02T13:57:20.136+10:00 DEBUG 40584 --- [    Test worker] s.w.s.m.m.a.RequestMappingHandlerAdapter : ControllerAdvice beans: 0 @ModelAttribute, 0 @InitBinder, 1 RequestBodyAdvice, 1 ResponseBodyAdvice
2025-10-02T13:57:20.137+10:00 DEBUG 40584 --- [    Test worker] .m.m.a.ExceptionHandlerExceptionResolver : ControllerAdvice beans: 0 @ExceptionHandler, 1 ResponseBodyAdvice
2025-10-02T13:57:20.138+10:00  INFO 40584 --- [    Test worker] o.s.mock.web.MockServletContext          : Initializing Spring TestDispatcherServlet ''
2025-10-02T13:57:20.138+10:00  INFO 40584 --- [    Test worker] o.s.t.web.servlet.TestDispatcherServlet  : Initializing Servlet ''
2025-10-02T13:57:20.138+10:00 DEBUG 40584 --- [    Test worker] o.s.t.web.servlet.TestDispatcherServlet  : Detected AcceptHeaderLocaleResolver
2025-10-02T13:57:20.138+10:00 DEBUG 40584 --- [    Test worker] o.s.t.web.servlet.TestDispatcherServlet  : Detected FixedThemeResolver
2025-10-02T13:57:20.138+10:00 DEBUG 40584 --- [    Test worker] o.s.t.web.servlet.TestDispatcherServlet  : Detected org.springframework.web.servlet.view.DefaultRequestToViewNameTranslator@4738131e
2025-10-02T13:57:20.138+10:00 DEBUG 40584 --- [    Test worker] o.s.t.web.servlet.TestDispatcherServlet  : Detected org.springframework.web.servlet.support.SessionFlashMapManager@3b576ee3
2025-10-02T13:57:20.138+10:00 DEBUG 40584 --- [    Test worker] o.s.t.web.servlet.TestDispatcherServlet  : enableLoggingRequestDetails='false': request parameters and headers will be masked to prevent unsafe logging of potentially sensitive data
2025-10-02T13:57:20.138+10:00  INFO 40584 --- [    Test worker] o.s.t.web.servlet.TestDispatcherServlet  : Completed initialization in 0 ms
2025-10-02T13:57:20.139+10:00 DEBUG 40584 --- [    Test worker] o.s.t.web.servlet.TestDispatcherServlet  : GET "/", parameters={}
2025-10-02T13:57:20.140+10:00 DEBUG 40584 --- [    Test worker] s.w.s.m.m.a.RequestMappingHandlerMapping : Mapped to com.calendar.App#home()
2025-10-02T13:57:20.141+10:00 DEBUG 40584 --- [    Test worker] m.m.a.RequestResponseBodyMethodProcessor : Using 'text/plain', given [*/*] and supported [text/plain, */*, application/json, application/*+json]
2025-10-02T13:57:20.141+10:00 DEBUG 40584 --- [    Test worker] m.m.a.RequestResponseBodyMethodProcessor : Writing ["redirect:/calendar.html"]
2025-10-02T13:57:20.141+10:00 DEBUG 40584 --- [    Test worker] o.s.t.web.servlet.TestDispatcherServlet  : Completed 200 OK
2025-10-02T13:57:20.164+10:00 DEBUG 40584 --- [    Test worker] s.w.s.m.m.a.RequestMappingHandlerMapping : 4 mappings in org.springframework.web.servlet.mvc.method.annotation.RequestMappingHandlerMapping
2025-10-02T13:57:20.166+10:00 DEBUG 40584 --- [    Test worker] s.w.s.m.m.a.RequestMappingHandlerAdapter : ControllerAdvice beans: 0 @ModelAttribute, 0 @InitBinder, 1 RequestBodyAdvice, 1 ResponseBodyAdvice
2025-10-02T13:57:20.167+10:00 DEBUG 40584 --- [    Test worker] .m.m.a.ExceptionHandlerExceptionResolver : ControllerAdvice beans: 0 @ExceptionHandler, 1 ResponseBodyAdvice
2025-10-02T13:57:20.167+10:00  INFO 40584 --- [    Test worker] o.s.mock.web.MockServletContext          : Initializing Spring TestDispatcherServlet ''
2025-10-02T13:57:20.168+10:00  INFO 40584 --- [    Test worker] o.s.t.web.servlet.TestDispatcherServlet  : Initializing Servlet ''
2025-10-02T13:57:20.168+10:00 DEBUG 40584 --- [    Test worker] o.s.t.web.servlet.TestDispatcherServlet  : Detected AcceptHeaderLocaleResolver
2025-10-02T13:57:20.168+10:00 DEBUG 40584 --- [    Test worker] o.s.t.web.servlet.TestDispatcherServlet  : Detected FixedThemeResolver
2025-10-02T13:57:20.168+10:00 DEBUG 40584 --- [    Test worker] o.s.t.web.servlet.TestDispatcherServlet  : Detected org.springframework.web.servlet.view.DefaultRequestToViewNameTranslator@62c53685
2025-10-02T13:57:20.168+10:00 DEBUG 40584 --- [    Test worker] o.s.t.web.servlet.TestDispatcherServlet  : Detected org.springframework.web.servlet.support.SessionFlashMapManager@29ba63f0
2025-10-02T13:57:20.168+10:00 DEBUG 40584 --- [    Test worker] o.s.t.web.servlet.TestDispatcherServlet  : enableLoggingRequestDetails='false': request parameters and headers will be masked to prevent unsafe logging of potentially sensitive data
2025-10-02T13:57:20.168+10:00  INFO 40584 --- [    Test worker] o.s.t.web.servlet.TestDispatcherServlet  : Completed initialization in 0 ms
2025-10-02T13:57:20.171+10:00 DEBUG 40584 --- [    Test worker] o.s.t.web.servlet.TestDispatcherServlet  : GET "/api/status", parameters={}
2025-10-02T13:57:20.171+10:00 DEBUG 40584 --- [    Test worker] s.w.s.m.m.a.RequestMappingHandlerMapping : Mapped to com.calendar.App#getStatus()
2025-10-02T13:57:20.173+10:00 DEBUG 40584 --- [    Test worker] m.m.a.RequestResponseBodyMethodProcessor : Using 'application/json', given [*/*] and supported [application/json, application/*+json]
2025-10-02T13:57:20.174+10:00 DEBUG 40584 --- [    Test worker] m.m.a.RequestResponseBodyMethodProcessor : Writing [{database=disconnected, timestamp=Thu Oct 02 13:57:20 AEST 2025}]
2025-10-02T13:57:20.177+10:00 DEBUG 40584 --- [    Test worker] o.s.t.web.servlet.TestDispatcherServlet  : Completed 200 OK
]]></system-out>
  <system-err><![CDATA[]]></system-err>
</testsuite>
