<?xml version="1.0" encoding="UTF-8"?>
<testsuite name="com.calendar.AppTest" tests="3" skipped="0" failures="0" errors="0" timestamp="2025-10-02T04:11:41" hostname="DESKTOP-780BEE1" time="1.183">
  <properties/>
  <testcase name="testGetStatusWhenDatabaseConnected()" classname="com.calendar.AppTest" time="1.08"/>
  <testcase name="testHomeRedirection()" classname="com.calendar.AppTest" time="0.051"/>
  <testcase name="testGetStatusWhenDatabaseDisconnected()" classname="com.calendar.AppTest" time="0.035"/>
  <system-out><![CDATA[2025-10-02T14:11:41.745+10:00 DEBUG 34596 --- [    Test worker] s.w.s.m.m.a.RequestMappingHandlerMapping : 4 mappings in org.springframework.web.servlet.mvc.method.annotation.RequestMappingHandlerMapping
2025-10-02T14:11:41.754+10:00 DEBUG 34596 --- [    Test worker] s.w.s.m.m.a.RequestMappingHandlerAdapter : ControllerAdvice beans: 0 @ModelAttribute, 0 @InitBinder, 1 RequestBodyAdvice, 1 ResponseBodyAdvice
2025-10-02T14:11:41.757+10:00 DEBUG 34596 --- [    Test worker] .m.m.a.ExceptionHandlerExceptionResolver : ControllerAdvice beans: 0 @ExceptionHandler, 1 ResponseBodyAdvice
2025-10-02T14:11:41.765+10:00  INFO 34596 --- [    Test worker] o.s.mock.web.MockServletContext          : Initializing Spring TestDispatcherServlet ''
2025-10-02T14:11:41.765+10:00  INFO 34596 --- [    Test worker] o.s.t.web.servlet.TestDispatcherServlet  : Initializing Servlet ''
2025-10-02T14:11:41.767+10:00 DEBUG 34596 --- [    Test worker] o.s.t.web.servlet.TestDispatcherServlet  : Detected AcceptHeaderLocaleResolver
2025-10-02T14:11:41.768+10:00 DEBUG 34596 --- [    Test worker] o.s.t.web.servlet.TestDispatcherServlet  : Detected FixedThemeResolver
2025-10-02T14:11:41.768+10:00 DEBUG 34596 --- [    Test worker] o.s.t.web.servlet.TestDispatcherServlet  : Detected org.springframework.web.servlet.view.DefaultRequestToViewNameTranslator@7d03699c
2025-10-02T14:11:41.768+10:00 DEBUG 34596 --- [    Test worker] o.s.t.web.servlet.TestDispatcherServlet  : Detected org.springframework.web.servlet.support.SessionFlashMapManager@7f8d4ff4
2025-10-02T14:11:41.769+10:00 DEBUG 34596 --- [    Test worker] o.s.t.web.servlet.TestDispatcherServlet  : enableLoggingRequestDetails='false': request parameters and headers will be masked to prevent unsafe logging of potentially sensitive data
2025-10-02T14:11:41.769+10:00  INFO 34596 --- [    Test worker] o.s.t.web.servlet.TestDispatcherServlet  : Completed initialization in 4 ms
2025-10-02T14:11:41.927+10:00 DEBUG 34596 --- [    Test worker] o.s.t.web.servlet.TestDispatcherServlet  : GET "/api/status", parameters={}
2025-10-02T14:11:41.930+10:00 DEBUG 34596 --- [    Test worker] s.w.s.m.m.a.RequestMappingHandlerMapping : Mapped to com.calendar.App#getStatus()
2025-10-02T14:11:41.948+10:00 DEBUG 34596 --- [    Test worker] m.m.a.RequestResponseBodyMethodProcessor : Using 'application/json', given [*/*] and supported [application/json, application/*+json]
2025-10-02T14:11:41.949+10:00 DEBUG 34596 --- [    Test worker] m.m.a.RequestResponseBodyMethodProcessor : Writing [{database=connected, timestamp=Thu Oct 02 14:11:41 AEST 2025}]
2025-10-02T14:11:41.961+10:00 DEBUG 34596 --- [    Test worker] o.s.t.web.servlet.TestDispatcherServlet  : Completed 200 OK
2025-10-02T14:11:42.297+10:00 DEBUG 34596 --- [    Test worker] s.w.s.m.m.a.RequestMappingHandlerMapping : 4 mappings in org.springframework.web.servlet.mvc.method.annotation.RequestMappingHandlerMapping
2025-10-02T14:11:42.303+10:00 DEBUG 34596 --- [    Test worker] s.w.s.m.m.a.RequestMappingHandlerAdapter : ControllerAdvice beans: 0 @ModelAttribute, 0 @InitBinder, 1 RequestBodyAdvice, 1 ResponseBodyAdvice
2025-10-02T14:11:42.305+10:00 DEBUG 34596 --- [    Test worker] .m.m.a.ExceptionHandlerExceptionResolver : ControllerAdvice beans: 0 @ExceptionHandler, 1 ResponseBodyAdvice
2025-10-02T14:11:42.306+10:00  INFO 34596 --- [    Test worker] o.s.mock.web.MockServletContext          : Initializing Spring TestDispatcherServlet ''
2025-10-02T14:11:42.306+10:00  INFO 34596 --- [    Test worker] o.s.t.web.servlet.TestDispatcherServlet  : Initializing Servlet ''
2025-10-02T14:11:42.307+10:00 DEBUG 34596 --- [    Test worker] o.s.t.web.servlet.TestDispatcherServlet  : Detected AcceptHeaderLocaleResolver
2025-10-02T14:11:42.307+10:00 DEBUG 34596 --- [    Test worker] o.s.t.web.servlet.TestDispatcherServlet  : Detected FixedThemeResolver
2025-10-02T14:11:42.307+10:00 DEBUG 34596 --- [    Test worker] o.s.t.web.servlet.TestDispatcherServlet  : Detected org.springframework.web.servlet.view.DefaultRequestToViewNameTranslator@45d3c1ce
2025-10-02T14:11:42.307+10:00 DEBUG 34596 --- [    Test worker] o.s.t.web.servlet.TestDispatcherServlet  : Detected org.springframework.web.servlet.support.SessionFlashMapManager@5a04e7ef
2025-10-02T14:11:42.307+10:00 DEBUG 34596 --- [    Test worker] o.s.t.web.servlet.TestDispatcherServlet  : enableLoggingRequestDetails='false': request parameters and headers will be masked to prevent unsafe logging of potentially sensitive data
2025-10-02T14:11:42.307+10:00  INFO 34596 --- [    Test worker] o.s.t.web.servlet.TestDispatcherServlet  : Completed initialization in 0 ms
2025-10-02T14:11:42.309+10:00 DEBUG 34596 --- [    Test worker] o.s.t.web.servlet.TestDispatcherServlet  : GET "/", parameters={}
2025-10-02T14:11:42.310+10:00 DEBUG 34596 --- [    Test worker] s.w.s.m.m.a.RequestMappingHandlerMapping : Mapped to com.calendar.App#home()
2025-10-02T14:11:42.312+10:00 DEBUG 34596 --- [    Test worker] m.m.a.RequestResponseBodyMethodProcessor : Using 'text/plain', given [*/*] and supported [text/plain, */*, application/json, application/*+json]
2025-10-02T14:11:42.313+10:00 DEBUG 34596 --- [    Test worker] m.m.a.RequestResponseBodyMethodProcessor : Writing ["redirect:/calendar.html"]
2025-10-02T14:11:42.314+10:00 DEBUG 34596 --- [    Test worker] o.s.t.web.servlet.TestDispatcherServlet  : Completed 200 OK
2025-10-02T14:11:42.343+10:00 DEBUG 34596 --- [    Test worker] s.w.s.m.m.a.RequestMappingHandlerMapping : 4 mappings in org.springframework.web.servlet.mvc.method.annotation.RequestMappingHandlerMapping
2025-10-02T14:11:42.347+10:00 DEBUG 34596 --- [    Test worker] s.w.s.m.m.a.RequestMappingHandlerAdapter : ControllerAdvice beans: 0 @ModelAttribute, 0 @InitBinder, 1 RequestBodyAdvice, 1 ResponseBodyAdvice
2025-10-02T14:11:42.348+10:00 DEBUG 34596 --- [    Test worker] .m.m.a.ExceptionHandlerExceptionResolver : ControllerAdvice beans: 0 @ExceptionHandler, 1 ResponseBodyAdvice
2025-10-02T14:11:42.349+10:00  INFO 34596 --- [    Test worker] o.s.mock.web.MockServletContext          : Initializing Spring TestDispatcherServlet ''
2025-10-02T14:11:42.349+10:00  INFO 34596 --- [    Test worker] o.s.t.web.servlet.TestDispatcherServlet  : Initializing Servlet ''
2025-10-02T14:11:42.349+10:00 DEBUG 34596 --- [    Test worker] o.s.t.web.servlet.TestDispatcherServlet  : Detected AcceptHeaderLocaleResolver
2025-10-02T14:11:42.349+10:00 DEBUG 34596 --- [    Test worker] o.s.t.web.servlet.TestDispatcherServlet  : Detected FixedThemeResolver
2025-10-02T14:11:42.350+10:00 DEBUG 34596 --- [    Test worker] o.s.t.web.servlet.TestDispatcherServlet  : Detected org.springframework.web.servlet.view.DefaultRequestToViewNameTranslator@6852f1d
2025-10-02T14:11:42.350+10:00 DEBUG 34596 --- [    Test worker] o.s.t.web.servlet.TestDispatcherServlet  : Detected org.springframework.web.servlet.support.SessionFlashMapManager@5162ccc9
2025-10-02T14:11:42.350+10:00 DEBUG 34596 --- [    Test worker] o.s.t.web.servlet.TestDispatcherServlet  : enableLoggingRequestDetails='false': request parameters and headers will be masked to prevent unsafe logging of potentially sensitive data
2025-10-02T14:11:42.350+10:00  INFO 34596 --- [    Test worker] o.s.t.web.servlet.TestDispatcherServlet  : Completed initialization in 1 ms
2025-10-02T14:11:42.352+10:00 DEBUG 34596 --- [    Test worker] o.s.t.web.servlet.TestDispatcherServlet  : GET "/api/status", parameters={}
2025-10-02T14:11:42.353+10:00 DEBUG 34596 --- [    Test worker] s.w.s.m.m.a.RequestMappingHandlerMapping : Mapped to com.calendar.App#getStatus()
2025-10-02T14:11:42.356+10:00 DEBUG 34596 --- [    Test worker] m.m.a.RequestResponseBodyMethodProcessor : Using 'application/json', given [*/*] and supported [application/json, application/*+json]
2025-10-02T14:11:42.357+10:00 DEBUG 34596 --- [    Test worker] m.m.a.RequestResponseBodyMethodProcessor : Writing [{database=disconnected, timestamp=Thu Oct 02 14:11:42 AEST 2025}]
2025-10-02T14:11:42.361+10:00 DEBUG 34596 --- [    Test worker] o.s.t.web.servlet.TestDispatcherServlet  : Completed 200 OK
]]></system-out>
  <system-err><![CDATA[]]></system-err>
</testsuite>
