<?xml version="1.0" encoding="UTF-8"?>
<testsuite name="com.example.AppTest" tests="4" skipped="0" failures="0" errors="0" timestamp="2025-10-02T01:10:10" hostname="DESKTOP-780BEE1" time="0.03">
  <properties/>
  <testcase name="testBookingClassBasics()" classname="com.example.AppTest" time="0.021"/>
  <testcase name="testArrayOperations()" classname="com.example.AppTest" time="0.001"/>
  <testcase name="testMathOperations()" classname="com.example.AppTest" time="0.002"/>
  <testcase name="testStringOperations()" classname="com.example.AppTest" time="0.002"/>
  <system-out><![CDATA[]]></system-out>
  <system-err><![CDATA[]]></system-err>
</testsuite>
